INFO:root:Client:init
INFO:root:Socket closed
INFO:root:Socket closed
INFO:root:Socket closed
INFO:root:Socket closed
INFO:root:Socket closed
INFO:root:Socket closed
INFO:root:Socket closed
INFO:root:Socket closed
INFO:root:Socket closed
INFO:root:Socket closed
INFO:root:Socket closed
INFO:root:Socket closed
INFO:root:Socket closed
INFO:root:Socket closed
INFO:root:Socket closed
INFO:root:Socket closed
INFO:root:Socket closed
INFO:root:Socket closed
INFO:root:Socket closed
INFO:root:Socket closed
INFO:root:Socket closed
INFO:root:Socket closed
INFO:root:Socket closed
INFO:root:Socket closed
INFO:root:Socket closed
INFO:root:Socket closed
INFO:root:Socket closed
INFO:root:Socket closed
INFO:root:Socket closed
INFO:root:Socket closed
INFO:root:Socket closed
INFO:root:Socket closed
INFO:root:Client:init
DEBUG:root:--- request header ---
DEBUG:root:GET / HTTP/1.1
Upgrade: websocket
Connection: Upgrade
Host: localhost
Origin: http://localhost
Sec-WebSocket-Key: /xgsyxzNQ8aNbLGttvFIuw==
Sec-WebSocket-Version: 13


DEBUG:root:-----------------------
DEBUG:root:--- response header ---
DEBUG:root:HTTP/1.1 101 Switching Protocols
DEBUG:root:Upgrade: websocket
DEBUG:root:Connection: Upgrade
DEBUG:root:Sec-WebSocket-Accept: SEAB1T323nrddBb6H/UpEIO8EaY=
DEBUG:root:-----------------------
INFO:root:Socket opened
DEBUG:root:send: '\x81\xa6@\xd3\xa8h;\xf1\xcc\t4\xb2\x8aR`\xf1\xca\x1d4\xa7\xc7\x06b\xff\x88J4\xaa\xd8\rb\xe9\x88J2\xb6\xcf\x013\xa7\xcd\x1ab\xae'
INFO:root:registered at the game
INFO:root:Client:init
DEBUG:root:--- request header ---
DEBUG:root:GET / HTTP/1.1
Upgrade: websocket
Connection: Upgrade
Host: localhost
Origin: http://localhost
Sec-WebSocket-Key: ftgBL0DHS8OxOzw0F8ot2A==
Sec-WebSocket-Version: 13


DEBUG:root:-----------------------
DEBUG:root:--- response header ---
DEBUG:root:HTTP/1.1 101 Switching Protocols
DEBUG:root:Upgrade: websocket
DEBUG:root:Connection: Upgrade
DEBUG:root:Sec-WebSocket-Accept: mF26cAZqxZoC3uHovCdhcoYJHIM=
DEBUG:root:-----------------------
INFO:root:Socket opened
DEBUG:root:send: "\x81\xa6'\xf6\x94\xb4\\\xd4\xf0\xd5S\x97\xb6\x8e\x07\xd4\xf6\xc1S\x82\xfb\xda\x05\xda\xb4\x96S\x8f\xe4\xd1\x05\xcc\xb4\x96U\x93\xf3\xddT\x82\xf1\xc6\x05\x8b"
INFO:root:registered at the game
INFO:root:Go
DEBUG:root:send: '\x81\xb6Vs\xd1\x1a-Q\xb5{"\x12\xf3 vQ\xb6ut_\xf18"\n\xa1\x7ftI\xf18&\x1f\xb0c4\x12\xb2q\x17\x10\xa5s9\x1d\xf36vQ\xa1{$\x12\xbc8lS\xf3*t\x0e'
INFO:root:Go
DEBUG:root:send: '\x81\xb6\xd0\xff#=\xab\xddG\\\xa4\x9e\x01\x07\xf0\xddDR\xf2\xd3\x03\x1f\xa4\x86SX\xf2\xc5\x03\x1f\xa0\x93BD\xb2\x9e@V\x91\x9cWT\xbf\x91\x01\x11\xf0\xddS\\\xa2\x9eN\x1f\xea\xdf\x01\r\xf2\x82'
INFO:root:Go
DEBUG:root:send: '\x81\xb6\x9e\xde\x84x\xe5\xfc\xe0\x19\xea\xbf\xa6B\xbe\xfc\xe3\x17\xbc\xf2\xa4Z\xea\xa7\xf4\x1d\xbc\xe4\xa4Z\xee\xb2\xe5\x01\xfc\xbf\xe7\x13\xdf\xbd\xf0\x11\xf1\xb0\xa6T\xbe\xfc\xf4\x19\xec\xbf\xe9Z\xa4\xfe\xa6H\xbc\xa3'
INFO:root:Go
DEBUG:root:send: '\x81\xb6k\xda\xe1\x0f\x10\xf8\x85n\x1f\xbb\xc35K\xf8\x86`I\xf6\xc1-\x1f\xa3\x91jI\xe0\xc1-\x1b\xb6\x80v\t\xbb\x82d*\xb9\x95f\x04\xb4\xc3#K\xf8\x91n\x19\xbb\x8c-Q\xfa\xc3?I\xa7'
INFO:root:Go
DEBUG:root:send: '\x81\xb6m\x16\xe8\x9c\x164\x8c\xfd\x19w\xca\xa6M4\x8f\xf3O:\xc8\xbe\x19o\x98\xf9O,\xc8\xbe\x1dz\x89\xe5\x0fw\x8b\xf7,u\x9c\xf5\x02x\xca\xb0M4\x98\xfd\x1fw\x85\xbeW6\xca\xacOk'
INFO:root:Go
DEBUG:root:send: "\x81\xb6W\x96\xf2\xe3,\xb4\x96\x82#\xf7\xd0\xd9w\xb4\x95\x8cu\xba\xd2\xc1#\xef\x82\x86u\xac\xd2\xc1'\xfa\x93\x9a5\xf7\x91\x88\x16\xf5\x86\x8a8\xf8\xd0\xcfw\xb4\x82\x82%\xf7\x9f\xc1m\xb6\xd0\xd3u\xeb"
INFO:root:Go
DEBUG:root:send: '\x81\xb6\xc8 3\xd8\xb3\x02W\xb9\xbcA\x11\xe2\xe8\x02T\xb7\xea\x0c\x13\xfa\xbcYC\xbd\xea\x1a\x13\xfa\xb8LR\xa1\xaaAP\xb3\x89CG\xb1\xa7N\x11\xf4\xe8\x02C\xb9\xbaA^\xfa\xf2\x00\x11\xe8\xea]'
INFO:root:Go
DEBUG:root:send: '\x81\xb6\x85J\xc16\xfeh\xa5W\xf1+\xe3\x0c\xa5h\xa6Y\xa7f\xe1\x14\xf13\xb1S\xa7p\xe1\x14\xf5&\xa0O\xe7+\xa2]\xc4)\xb5_\xea$\xe3\x1a\xa5h\xb1W\xf7+\xac\x14\xbfj\xe3\x06\xa77'
INFO:root:Go
DEBUG:root:send: '\x81\xb6\x8d\xe2~\x16\xf6\xc0\x1aw\xf9\x83\\,\xad\xc0\x19y\xaf\xce^4\xf9\x9b\x0es\xaf\xd8^4\xfd\x8e\x1fo\xef\x83\x1d}\xcc\x81\n\x7f\xe2\x8c\\:\xad\xc0\x0ew\xff\x83\x134\xb7\xc2\\&\xaf\x9f'
INFO:root:Go
DEBUG:root:send: "\x81\xb6,\x13J\xd0W1.\xb1Xrh\xea\x0c1-\xbf\x0e?j\xf2Xj:\xb5\x0e)j\xf2\\\x7f+\xa9Nr)\xbbmp>\xb9C}h\xfc\x0c1:\xb1^r'\xf2\x163h\xe0\x0en"
INFO:root:Go
DEBUG:root:send: '\x81\xb6\x9d}\xf5\xe8\xe6_\x91\x89\xe9\x1c\xd7\xd2\xbd_\x92\x87\xbfQ\xd5\xca\xe9\x04\x85\x8d\xbfG\xd5\xca\xed\x11\x94\x91\xff\x1c\x96\x83\xdc\x1e\x81\x81\xf2\x13\xd7\xc4\xbd_\x85\x89\xef\x1c\x98\xca\xa7]\xd7\xd8\xbf\x00'
INFO:root:Go
DEBUG:root:send: '\x81\xb6$?\xe4d_\x1d\x80\x05P^\xc6^\x04\x1d\x83\x0b\x06\x13\xc4FPF\x94\x01\x06\x05\xc4FTS\x85\x1dF^\x87\x0fe\\\x90\rKQ\xc6H\x04\x1d\x94\x05V^\x89F\x1e\x1f\xc6T\x06B'
INFO:root:Go
DEBUG:root:send: '\x81\xb6j\xd8\x8b`\x11\xfa\xef\x01\x1e\xb9\xa9ZJ\xfa\xec\x0fH\xf4\xabB\x1e\xa1\xfb\x05H\xe2\xabB\x1a\xb4\xea\x19\x08\xb9\xe8\x0b+\xbb\xff\t\x05\xb6\xa9LJ\xfa\xfb\x01\x18\xb9\xe6BP\xf8\xa9PH\xa5'
INFO:root:Go
DEBUG:root:send: "\x81\xb6\xf0\x11W\x95\x8b33\xf4\x84pu\xaf\xd030\xfa\xd2=w\xb7\x84h'\xf0\xd2+w\xb7\x80}6\xec\x92p4\xfe\xb1r#\xfc\x9f\x7fu\xb9\xd03'\xf4\x82p:\xb7\xca1u\xa5\xd2l"
INFO:root:Go
DEBUG:root:send: '\x81\xb6\x00d1Q{FU0t\x05\x13k FV>"H\x11st\x1dA4"^\x11sp\x08P(b\x05R:A\x07E8o\n\x13} FA0r\x05\\s:D\x13a"\x19'
INFO:root:Go
DEBUG:root:send: '\x81\xb6\x02\x11\xfd5y3\x99Tvp\xdf\x0f"3\x9aZ =\xdd\x17vh\x8dP +\xdd\x17r}\x9cL`p\x9e^Cr\x89\\m\x7f\xdf\x19"3\x8dTpp\x90\x1781\xdf\x05 l'
INFO:root:Go
DEBUG:root:send: '\x81\xb6!\xe3\xd7\xc1Z\xc1\xb3\xa0U\x82\xf5\xfb\x01\xc1\xb0\xae\x03\xcf\xf7\xe3U\x9a\xa7\xa4\x03\xd9\xf7\xe3Q\x8f\xb6\xb8C\x82\xb4\xaa`\x80\xa3\xa8N\x8d\xf5\xed\x01\xc1\xa7\xa0S\x82\xba\xe3\x1b\xc3\xf5\xf1\x03\x9e'
INFO:root:Go
DEBUG:root:send: '\x81\xb6\xa6M\xaf\xc2\xddo\xcb\xa3\xd2,\x8d\xf8\x86o\xc8\xad\x84a\x8f\xe0\xd24\xdf\xa7\x84w\x8f\xe0\xd6!\xce\xbb\xc4,\xcc\xa9\xe7.\xdb\xab\xc9#\x8d\xee\x86o\xdf\xa3\xd4,\xc2\xe0\x9cm\x8d\xf2\x840'
INFO:root:Go
DEBUG:root:send: '\x81\xb6\r$>cv\x06Z\x02yE\x1cY-\x06Y\x0c/\x08\x1eAy]N\x06/\x1e\x1eA}H_\x1aoE]\x08LGJ\nbJ\x1cO-\x06N\x02\x7fESA7\x04\x1cS/Y'
INFO:root:Go
DEBUG:root:send: '\x81\xb6\x946\xdd\x96\xef\x14\xb9\xf7\xe0W\xff\xac\xb4\x14\xba\xf9\xb6\x1a\xfd\xb4\xe0O\xad\xf3\xb6\x0c\xfd\xb4\xe4Z\xbc\xef\xf6W\xbe\xfd\xd5U\xa9\xff\xfbX\xff\xba\xb4\x14\xad\xf7\xe6W\xb0\xb4\xae\x16\xff\xa6\xb6K'
INFO:root:Go
DEBUG:root:send: '\x81\xb6\xa9\xe5\xa0\x10\xd2\xc7\xc4q\xdd\x84\x82*\x89\xc7\xc7\x7f\x8b\xc9\x802\xdd\x9c\xd0u\x8b\xdf\x802\xd9\x89\xc1i\xcb\x84\xc3{\xe8\x86\xd4y\xc6\x8b\x82<\x89\xc7\xd0q\xdb\x84\xcd2\x93\xc5\x82 \x8b\x98'
INFO:root:Go
DEBUG:root:send: '\x81\xb6\xfcLs\x80\x87n\x17\xe1\x88-Q\xba\xdcn\x14\xef\xde`S\xa2\x885\x03\xe5\xdevS\xa2\x8c \x12\xf9\x9e-\x10\xeb\xbd/\x07\xe9\x93"Q\xac\xdcn\x03\xe1\x8e-\x1e\xa2\xc6lQ\xb0\xde1'
INFO:root:Go
DEBUG:root:send: '\x81\xb6\x0e\xcb\xa5\x84u\xe9\xc1\xe5z\xaa\x87\xbe.\xe9\xc2\xeb,\xe7\x85\xa6z\xb2\xd5\xe1,\xf1\x85\xa6~\xa7\xc4\xfdl\xaa\xc6\xefO\xa8\xd1\xeda\xa5\x87\xa8.\xe9\xd5\xe5|\xaa\xc8\xa64\xeb\x87\xb4,\xb6'
INFO:root:Go
DEBUG:root:send: '\x81\xb6\x1cy\xccKg[\xa8*h\x18\xeeq<[\xab$>U\xecih\x00\xbc.>C\xecil\x15\xad2~\x18\xaf ]\x1a\xb8"s\x17\xeeg<[\xbc*n\x18\xa1i&Y\xee{>\x04'
INFO:root:Go
DEBUG:root:send: '\x81\xb6mT\xc1\xfc\x16v\xa5\x9d\x195\xe3\xc6Mv\xa6\x93Ox\xe1\xde\x19-\xb1\x99On\xe1\xde\x1d8\xa0\x85\x0f5\xa2\x97,7\xb5\x95\x02:\xe3\xd0Mv\xb1\x9d\x1f5\xac\xdeWt\xe3\xccO)'
INFO:root:Go
DEBUG:root:send: '\x81\xb6o \x80K\x14\x02\xe4*\x1bA\xa2qO\x02\xe7$M\x0c\xa0i\x1bY\xf0.M\x1a\xa0i\x1fL\xe12\rA\xe3 .C\xf4"\x00N\xa2gO\x02\xf0*\x1dA\xediU\x00\xa2{M]'
INFO:root:Go
DEBUG:root:send: '\x81\xb6\xde\xd5\xdfn\xa5\xf7\xbb\x0f\xaa\xb4\xfdT\xfe\xf7\xb8\x01\xfc\xf9\xffL\xaa\xac\xaf\x0b\xfc\xef\xffL\xae\xb9\xbe\x17\xbc\xb4\xbc\x05\x9f\xb6\xab\x07\xb1\xbb\xfdB\xfe\xf7\xaf\x0f\xac\xb4\xb2L\xe4\xf5\xfd^\xfc\xa8'
INFO:root:Go
DEBUG:root:send: '\x81\xb6\xc8C\xbe\r\xb3a\xdal\xbc"\x9c7\xe8a\xd9b\xeao\x9e/\xbc:\xceh\xeay\x9e/\xb8/\xdft\xaa"\xddf\x89 \xcad\xa7-\x9c!\xe8a\xcel\xba"\xd3/\xf2c\x9c=\xea>'
INFO:root:Go
DEBUG:root:send: "\x81\xb6\xd1h\xd8H\xaaJ\xbc)\xa5\t\xfar\xf1J\xbf'\xf3D\xf8j\xa5\x11\xa8-\xf3R\xf8j\xa1\x04\xb91\xb3\t\xbb#\x90\x0b\xac!\xbe\x06\xfad\xf1J\xa8)\xa3\t\xb5j\xebH\xfax\xf3\x15"
INFO:root:Go
DEBUG:root:send: '\x81\xb6\xc3(\xab\xe0\xb8\n\xcf\x81\xb7I\x89\xda\xe3\n\xcc\x8f\xe1\x04\x8b\xc2\xb7Q\xdb\x85\xe1\x12\x8b\xc2\xb3D\xca\x99\xa1I\xc8\x8b\x82K\xdf\x89\xacF\x89\xcc\xe3\n\xdb\x81\xb1I\xc6\xc2\xf9\x08\x89\xd0\xe1U'
INFO:root:Go
DEBUG:root:send: '\x81\xb6\xef+\xc9(\x94\t\xadI\x9bJ\xeb\x12\xcf\t\xaeG\xcd\x07\xe9\n\x9bR\xb9M\xcd\x11\xe9\n\x9fG\xa8Q\x8dJ\xaaC\xaeH\xbdA\x80E\xeb\x04\xcf\t\xb9I\x9dJ\xa4\n\xd5\x0b\xeb\x18\xcdV'
INFO:root:Go
DEBUG:root:send: '\x81\xb6\xd7g\x9f\r\xacE\xfbl\xa3\x06\xbd7\xf7E\xf8b\xf5K\xbf/\xa3\x1e\xefh\xf5]\xbf/\xa7\x0b\xfet\xb5\x06\xfcf\x96\x04\xebd\xb8\t\xbd!\xf7E\xefl\xa5\x06\xf2/\xedG\xbd=\xf5\x1a'
INFO:root:Go
DEBUG:root:send: "\x81\xb6S\xd7}\xbc(\xf5\x19\xdd'\xb6_\x86s\xf5\x1a\xd3q\xfb]\x9e'\xae\r\xd9q\xed]\x9e#\xbb\x1c\xc51\xb6\x1e\xd7\x12\xb4\t\xd5<\xb9_\x90s\xf5\r\xdd!\xb6\x10\x9ei\xf7_\x8cq\xaa"
INFO:root:Go
DEBUG:root:send: '\x81\xb6\xca\xc1\xd2<\xb1\xe3\xb6]\xbe\xa0\xf0\x06\xea\xe3\xb5S\xe8\xed\xf2\x1e\xbe\xb8\xa2Y\xe8\xfb\xf2\x1e\xba\xad\xb3E\xa8\xa0\xb1W\x8b\xa2\xa6U\xa5\xaf\xf0\x10\xea\xe3\xa2]\xb8\xa0\xbf\x1e\xf0\xe1\xf0\x0c\xe8\xbc'
INFO:root:Go
DEBUG:root:send: '\x81\xb6Pj\x99\x9a+H\xfd\xfb$\x0b\xbb\xa0pH\xfe\xf5rF\xb9\xb8$\x13\xe9\xffrP\xb9\xb8 \x06\xf8\xe32\x0b\xfa\xf1\x11\t\xed\xf3?\x04\xbb\xb6pH\xe9\xfb"\x0b\xf4\xb8jJ\xbb\xaar\x17'
INFO:root:Go
DEBUG:root:send: '\x81\xb6\x0c\xf7\'Iw\xd5C(x\x96\x05s,\xd5@&.\xdb\x07kx\x8eW,.\xcd\x07k|\x9bF0n\x96D"M\x94S c\x99\x05e,\xd5W(~\x96Jk6\xd7\x05y.\x8a'
INFO:root:Go
DEBUG:root:send: '\x81\xb6\x8c\x06m\x1c\xf7$\t}\xf8gO&\xac$\ns\xae*M>\xf8\x7f\x1dy\xae<M>\xfcj\x0ce\xeeg\x0ew\xcde\x19u\xe3hO0\xac$\x1d}\xfeg\x00>\xb6&O,\xae{'
INFO:root:Go
DEBUG:root:send: '\x81\xb6\xe8\xef\xd9\x86\x93\xcd\xbd\xe7\x9c\x8e\xfb\xbc\xc8\xcd\xbe\xe9\xca\xc3\xf9\xa4\x9c\x96\xa9\xe3\xca\xd5\xf9\xa4\x98\x83\xb8\xff\x8a\x8e\xba\xed\xa9\x8c\xad\xef\x87\x81\xfb\xaa\xc8\xcd\xa9\xe7\x9a\x8e\xb4\xa4\xd2\xcf\xfb\xb6\xca\x92'
INFO:root:Go
DEBUG:root:send: '\x81\xb6~\xcb\x17\xb0\x05\xe9s\xd1\n\xaa5\x8a^\xe9p\xdf\\\xe77\x92\n\xb2g\xd5\\\xf17\x92\x0e\xa7v\xc9\x1c\xaat\xdb?\xa8c\xd9\x11\xa55\x9c^\xe9g\xd1\x0c\xaaz\x92D\xeb5\x80\\\xb6'
INFO:root:Go
DEBUG:root:send: '\x81\xb6\x10\x00\x10\x9ek"t\xffda2\xa40"w\xf12,0\xbcdy`\xfb2:0\xbc`lq\xe7ras\xf5Qcd\xf7\x7fn2\xb20"`\xffba}\xbc* 2\xae2}'
INFO:root:Go
DEBUG:root:send: '\x81\xb6{\xff\xec\x9e\x00\xdd\x88\xff\x0f\x9e\xce\xa4[\xdd\x8b\xf1Y\xd3\xcc\xbc\x0f\x86\x9c\xfbY\xc5\xcc\xbc\x0b\x93\x8d\xe7\x19\x9e\x8f\xf5:\x9c\x98\xf7\x14\x91\xce\xb2[\xdd\x9c\xff\t\x9e\x81\xbcA\xdf\xce\xaeY\x82'
INFO:root:Go
DEBUG:root:send: '\x81\xb6\xc0\xb8\xd1\xf3\xbb\x9a\xb5\x92\xb4\xd9\xf3\xc9\xe0\x9a\xb6\x9c\xe2\x94\xf1\xd1\xb4\xc1\xa1\x96\xe2\x82\xf1\xd1\xb0\xd4\xb0\x8a\xa2\xd9\xb2\x98\x81\xdb\xa5\x9a\xaf\xd6\xf3\xdf\xe0\x9a\xa1\x92\xb2\xd9\xbc\xd1\xfa\x98\xf3\xc3\xe2\xc5'
INFO:root:Go
DEBUG:root:send: '\x81\xb6B\xees\xbf9\xcc\x17\xde6\x8fQ\x85b\xcc\x14\xd0`\xc2S\x9d6\x97\x03\xda`\xd4S\x9d2\x82\x12\xc6 \x8f\x10\xd4\x03\x8d\x07\xd6-\x80Q\x93b\xcc\x03\xde0\x8f\x1e\x9dx\xceQ\x8f`\x93'
INFO:root:Go
DEBUG:root:send: "\x81\xb6\x1dqQ\xaffS5\xcei\x10s\x95=S6\xc0?]q\x8di\x08!\xca?Kq\x8dm\x1d0\xd6\x7f\x102\xc4\\\x12%\xc6r\x1fs\x83=S!\xceo\x10<\x8d'Qs\x9f?\x0c"
INFO:root:Go
DEBUG:root:send: '\x81\xb6\xf5\x01\x7f`\x8e#\x1b\x01\x81`]Z\xd5#\x18\x0f\xd7-_B\x81x\x0f\x05\xd7;_B\x85m\x1e\x19\x97`\x1c\x0b\xb4b\x0b\t\x9ao]L\xd5#\x0f\x01\x87`\x12B\xcf!]P\xd7|'
INFO:root:Go
DEBUG:root:send: '\x81\xb6\xd3+i\xc0\xa8\t\r\xa1\xa7JK\xfa\xf3\t\x0e\xaf\xf1\x07I\xe2\xa7R\x19\xa5\xf1\x11I\xe2\xa3G\x08\xb9\xb1J\n\xab\x92H\x1d\xa9\xbcEK\xec\xf3\t\x19\xa1\xa1J\x04\xe2\xe9\x0bK\xf0\xf1V'
INFO:root:Client:init
DEBUG:root:--- request header ---
DEBUG:root:GET / HTTP/1.1
Upgrade: websocket
Connection: Upgrade
Host: localhost
Origin: http://localhost
Sec-WebSocket-Key: Kukp4dDHRJWWeFaSAKn4bg==
Sec-WebSocket-Version: 13


DEBUG:root:-----------------------
DEBUG:root:--- response header ---
DEBUG:root:HTTP/1.1 101 Switching Protocols
DEBUG:root:Upgrade: websocket
DEBUG:root:Connection: Upgrade
DEBUG:root:Sec-WebSocket-Accept: +KTV7TJp8PajzYC6C5jF2YKwijk=
DEBUG:root:-----------------------
INFO:root:Socket opened
DEBUG:root:send: '\x81\xa6\n\x08\xee\xd4q*\x8a\xb5~i\xcc\xee**\x8c\xa1~|\x81\xba($\xce\xf6~q\x9e\xb1(2\xce\xf6xm\x89\xbdy|\x8b\xa6(u'
INFO:root:registered at the game
INFO:root:Go
DEBUG:root:send: '\x81\xb6\xc0Q4\xdc\xbbsP\xbd\xb40\x16\xe6\xe0sS\xb3\xe2}\x14\xfe\xb4(D\xb9\xe2k\x14\xfe\xb0=U\xa5\xa20W\xb7\x812@\xb5\xaf?\x16\xf0\xe0sD\xbd\xb20Y\xfe\xfaq\x16\xec\xe2,'
INFO:root:Go
DEBUG:root:send: '\x81\xb6K\x13\xf5\x7f01\x91\x1e?r\xd7Ek1\x92\x10i?\xd5]?j\x85\x1ai)\xd5];\x7f\x94\x06)r\x96\x14\np\x81\x16$}\xd7Sk1\x85\x1e9r\x98]q3\xd7Oin'
INFO:root:Go
DEBUG:root:send: '\x81\xb6\xfd\xf69\xbe\x86\xd4]\xdf\x89\x97\x1b\x84\xdd\xd4^\xd1\xdf\xda\x19\x9c\x89\x8fI\xdb\xdf\xcc\x19\x9c\x8d\x9aX\xc7\x9f\x97Z\xd5\xbc\x95M\xd7\x92\x98\x1b\x92\xdd\xd4I\xdf\x8f\x97T\x9c\xc7\xd6\x1b\x8e\xdf\x8b'
INFO:root:Go
DEBUG:root:send: '\x81\xb6p\x1a\xbe\x98\x0b8\xda\xf9\x04{\x9c\xa2P8\xd9\xf7R6\x9e\xba\x04c\xce\xfdR \x9e\xba\x00v\xdf\xe1\x12{\xdd\xf31y\xca\xf1\x1ft\x9c\xb4P8\xce\xf9\x02{\xd3\xbaJ:\x9c\xa8Rg'
INFO:root:Go
DEBUG:root:send: '\x81\xb6\xa1\xc8\x9er\xda\xea\xfa\x13\xd5\xa9\xbcH\x81\xea\xf9\x1d\x83\xe4\xbeP\xd5\xb1\xee\x17\x83\xf2\xbeP\xd1\xa4\xff\x0b\xc3\xa9\xfd\x19\xe0\xab\xea\x1b\xce\xa6\xbc^\x81\xea\xee\x13\xd3\xa9\xf3P\x9b\xe8\xbcB\x83\xb5'
INFO:root:Go
DEBUG:root:send: '\x81\xb60\xac\xb0\x95K\x8e\xd4\xf4D\xcd\x92\xaf\x10\x8e\xd7\xfa\x12\x80\x90\xb7D\xd5\xc0\xf0\x12\x96\x90\xb7@\xc0\xd1\xecR\xcd\xd3\xfeq\xcf\xc4\xfc_\xc2\x92\xb9\x10\x8e\xc0\xf4B\xcd\xdd\xb7\n\x8c\x92\xa5\x12\xd1'
INFO:root:Go
DEBUG:root:send: '\x81\xb6\x8c<\x90\x0c\xf7\x1e\xf4m\xf8]\xb26\xac\x1e\xf7c\xae\x10\xb0.\xf8E\xe0i\xae\x06\xb0.\xfcP\xf1u\xee]\xf3g\xcd_\xe4e\xe3R\xb2 \xac\x1e\xe0m\xfe]\xfd.\xb6\x1c\xb2<\xaeA'
INFO:root:Go
DEBUG:root:send: '\x81\xb6is\xdfe\x12Q\xbb\x04\x1d\x12\xfd_IQ\xb8\nK_\xffG\x1d\n\xaf\x00KI\xffG\x19\x1f\xbe\x1c\x0b\x12\xbc\x0e(\x10\xab\x0c\x06\x1d\xfdIIQ\xaf\x04\x1b\x12\xb2GSS\xfdUK\x0e'
INFO:root:Go
DEBUG:root:send: "\x81\xb6E\xac\xe6~>\x8e\x82\x1f1\xcd\xc4De\x8e\x81\x11g\x80\xc6\\1\xd5\x96\x1bg\x96\xc6\\5\xc0\x87\x07'\xcd\x85\x15\x04\xcf\x92\x17*\xc2\xc4Re\x8e\x96\x1f7\xcd\x8b\\\x7f\x8c\xc4Ng\xd1"
INFO:root:Go
DEBUG:root:send: '\x81\xb6s\xc5\xf8O\x08\xe7\x9c.\x07\xa4\xdauS\xe7\x9f Q\xe9\xd8m\x07\xbc\x88*Q\xff\xd8m\x03\xa9\x996\x11\xa4\x9b$2\xa6\x8c&\x1c\xab\xdacS\xe7\x88.\x01\xa4\x95mI\xe5\xda\x7fQ\xb8'
INFO:root:Go
DEBUG:root:send: '\x81\xb6c\x8a0\x16\x18\xa8Tw\x17\xeb\x12,C\xa8WyA\xa6\x104\x17\xf3@sA\xb0\x104\x13\xe6Qo\x01\xebS}"\xe9D\x7f\x0c\xe4\x12:C\xa8@w\x11\xeb]4Y\xaa\x12&A\xf7'
INFO:root:Go
DEBUG:root:send: "\x81\xb6%D\xc4\x16^f\xa0wQ%\xe6,\x05f\xa3y\x07h\xe44Q=\xb4s\x07~\xe44U(\xa5oG%\xa7}d'\xb0\x7fJ*\xe6:\x05f\xb4wW%\xa94\x1fd\xe6&\x079"
INFO:root:Go
DEBUG:root:send: '\x81\xb6.`PwUB4\x16Z\x01rM\x0eB7\x18\x0cLpUZ\x19 \x12\x0cZpU^\x0c1\x0eL\x013\x1co\x03$\x1eA\x0er[\x0eB \x16\\\x01=U\x14@rG\x0c\x1d'
INFO:root:Go
DEBUG:root:send: '\x81\xb6k\x84\x89\xa3\x10\xa6\xed\xc2\x1f\xe5\xab\x99K\xa6\xee\xccI\xa8\xa9\x81\x1f\xfd\xf9\xc6I\xbe\xa9\x81\x1b\xe8\xe8\xda\t\xe5\xea\xc8*\xe7\xfd\xca\x04\xea\xab\x8fK\xa6\xf9\xc2\x19\xe5\xe4\x81Q\xa4\xab\x93I\xf9'
INFO:root:Go
DEBUG:root:send: '\x81\xb6g\x95]\xe9\x1c\xb79\x88\x13\xf4\x7f\xd3G\xb7:\x86E\xb9}\xcb\x13\xec-\x8cE\xaf}\xcb\x17\xf9<\x90\x05\xf4>\x82&\xf6)\x80\x08\xfb\x7f\xc5G\xb7-\x88\x15\xf40\xcb]\xb5\x7f\xd9E\xe8'
INFO:root:Go
DEBUG:root:send: '\x81\xb6\t\x10\xbc\xe2r2\xd8\x83}q\x9e\xd8)2\xdb\x8d+<\x9c\xc0}i\xcc\x87+*\x9c\xc0y|\xdd\x9bkq\xdf\x89Hs\xc8\x8bf~\x9e\xce)2\xcc\x83{q\xd1\xc030\x9e\xd2+m'
INFO:root:Client:init
DEBUG:root:--- request header ---
DEBUG:root:GET / HTTP/1.1
Upgrade: websocket
Connection: Upgrade
Host: localhost
Origin: http://localhost
Sec-WebSocket-Key: pIVkx8KaTeiBuG11SZyhLw==
Sec-WebSocket-Version: 13


DEBUG:root:-----------------------
DEBUG:root:--- response header ---
DEBUG:root:HTTP/1.1 101 Switching Protocols
DEBUG:root:Upgrade: websocket
DEBUG:root:Connection: Upgrade
DEBUG:root:Sec-WebSocket-Accept: KZ2wuogb95fx6rxn5EKD5k2yKAg=
DEBUG:root:-----------------------
INFO:root:Socket opened
DEBUG:root:send: '\x81\xa63i[\x82HK?\xe3G\x08y\xb8\x13K9\xf7G\x1d4\xec\x11E{\xa0G\x10+\xe7\x11S{\xa0A\x0c<\xeb@\x1d>\xf0\x11\x14'
INFO:root:registered at the game
INFO:root:Client:init
DEBUG:root:--- request header ---
DEBUG:root:GET / HTTP/1.1
Upgrade: websocket
Connection: Upgrade
Host: localhost
Origin: http://localhost
Sec-WebSocket-Key: gveYZGM6RTS77q9xhJUEkw==
Sec-WebSocket-Version: 13


DEBUG:root:-----------------------
DEBUG:root:--- response header ---
DEBUG:root:HTTP/1.1 101 Switching Protocols
DEBUG:root:Upgrade: websocket
DEBUG:root:Connection: Upgrade
DEBUG:root:Sec-WebSocket-Accept: k1O5jrk9kCoXgOh0p9K9BPCW1OE=
DEBUG:root:-----------------------
INFO:root:Socket opened
DEBUG:root:send: '\x81\xa6\xba\x16R\x18\xc146y\xcewp"\x9a40m\xceb=v\x98:r:\xceo"}\x98,r:\xc8s5q\xc9b7j\x98k'
INFO:root:registered at the game
INFO:root:Go
DEBUG:root:send: '\x81\xb6\x8e\xed\x9c\xc1\xf5\xcf\xf8\xa0\xfa\x8c\xbe\xfb\xae\xcf\xfb\xae\xac\xc1\xbc\xe3\xfa\x94\xec\xa4\xac\xd7\xbc\xe3\xfe\x81\xfd\xb8\xec\x8c\xff\xaa\xcf\x8e\xe8\xa8\xe1\x83\xbe\xed\xae\xcf\xec\xa0\xfc\x8c\xf1\xe3\xb4\xcd\xbe\xf1\xac\x90'
INFO:root:Go
DEBUG:root:send: '\x81\xb6\xe6\xdc\x17\xf1\x9d\xfes\x90\x92\xbd5\xcb\xc6\xfep\x9e\xc4\xf07\xd3\x92\xa5g\x94\xc4\xe67\xd3\x96\xb0v\x88\x84\xbdt\x9a\xa7\xbfc\x98\x89\xb25\xdd\xc6\xfeg\x90\x94\xbdz\xd3\xdc\xfc5\xc1\xc4\xa1'
INFO:root:Go
DEBUG:root:send: '\x81\xb68h\xf0\x94CJ\x94\xf5L\t\xd2\xae\x18J\x97\xfb\x1aD\xd0\xb6L\x11\x80\xf1\x1aR\xd0\xb6H\x04\x91\xedZ\t\x93\xffy\x0b\x84\xfdW\x06\xd2\xb8\x18J\x80\xf5J\t\x9d\xb6\x02H\xd2\xa4\x1a\x15'
INFO:root:Go
DEBUG:root:send: '\x81\xb6\xc64\x91<\xbd\x16\xf5]\xb2U\xb3\x06\xe6\x16\xf6S\xe4\x18\xb1\x1e\xb2M\xe1Y\xe4\x0e\xb1\x1e\xb6X\xf0E\xa4U\xf2W\x87W\xe5U\xa9Z\xb3\x10\xe6\x16\xe1]\xb4U\xfc\x1e\xfc\x14\xb3\x0c\xe4I'
INFO:root:Go
DEBUG:root:send: '\x81\xb6\xf3H\x1f\x90\x88j{\xf1\x87)=\xaa\xd3jx\xff\xd1d?\xb2\x871o\xf5\xd1r?\xb2\x83$~\xe9\x91)|\xfb\xb2+k\xf9\x9c&=\xbc\xd3jo\xf1\x81)r\xb2\xc9h=\xa0\xd15'
INFO:root:Go
DEBUG:root:send: '\x81\xb6\xea\xe3\xea\xa1\x91\xc1\x8e\xc0\x9e\x82\xc8\x9b\xca\xc1\x8d\xce\xc8\xcf\xca\x83\x9e\x9a\x9a\xc4\xc8\xd9\xca\x83\x9a\x8f\x8b\xd8\x88\x82\x89\xca\xab\x80\x9e\xc8\x85\x8d\xc8\x8d\xca\xc1\x9a\xc0\x98\x82\x87\x83\xd0\xc3\xc8\x91\xc8\x9e'
INFO:root:Go
DEBUG:root:send: '\x81\xb6}$\x9f\xf0\x06\x06\xfb\x91\tE\xbd\xca]\x06\xf8\x9f_\x08\xbf\xd2\t]\xef\x95_\x1e\xbf\xd2\rH\xfe\x89\x1fE\xfc\x9b<G\xeb\x99\x12J\xbd\xdc]\x06\xef\x91\x0fE\xf2\xd2G\x04\xbd\xc0_Y'
INFO:root:Go
DEBUG:root:send: '\x81\xb6\xd4h\x0ba\xafJo\x00\xa0\t)[\xf4Jl\x0e\xf6D+C\xa0\x11{\x04\xf6R+C\xa4\x04j\x18\xb6\th\n\x95\x0b\x7f\x08\xbb\x06)M\xf4J{\x00\xa6\tfC\xeeH)Q\xf6\x15'
INFO:root:Go
DEBUG:root:send: "\x81\xb6H\x11\x83\x1133\xe7p<p\xa1+h3\xe4~j=\xa33<h\xf3tj+\xa338}\xe2h*p\xe0z\tr\xf7x'\x7f\xa1=h3\xf3p:p\xee3r1\xa1!jl"
INFO:root:Go
DEBUG:root:send: '\x81\xb6O\xf5\xe1\x104\xd7\x85q;\x94\xc3*o\xd7\x86\x7fm\xd9\xc12;\x8c\x91um\xcf\xc12?\x99\x80i-\x94\x82{\x0e\x96\x95y \x9b\xc3<o\xd7\x91q=\x94\x8c2u\xd5\xc3 m\x88'
INFO:root:Go
DEBUG:root:send: '\x81\xb6\xc4\xa0\x10\x16\xbf\x82tw\xb0\xc12,\xe4\x82wy\xe6\x8c04\xb0\xd9`s\xe6\x9a04\xb4\xccqo\xa6\xc1s}\x85\xc3d\x7f\xab\xce2:\xe4\x82`w\xb6\xc1}4\xfe\x802&\xe6\xdd'
INFO:root:Go
DEBUG:root:send: '\x81\xb6\xbd~\xb1\x10\xc6\\\xd5q\xc9\x1f\x93*\x9d\\\xd6\x7f\x9fR\x912\xc9\x07\xc1u\x9fD\x912\xcd\x12\xd0i\xdf\x1f\xd2{\xfc\x1d\xc5y\xd2\x10\x93<\x9d\\\xc1q\xcf\x1f\xdc2\x87^\x93 \x9f\x03'
INFO:root:Go
DEBUG:root:send: '\x81\xb68\xca\xbc\x1bC\xe8\xd8zL\xab\x9e!\x18\xe8\xdbt\x1a\xe6\x9c9L\xb3\xcc~\x1a\xf0\x9c9H\xa6\xddbZ\xab\xdfpy\xa9\xc8rW\xa4\x9e7\x18\xe8\xcczJ\xab\xd19\x02\xea\x9e+\x1a\xb7'
INFO:root:Go
DEBUG:root:send: '\x81\xb6\x1f\xb0C\xd3d\x92\'\xb2k\xd1a\xe9?\x92$\xbc=\x9cc\xf1k\xc93\xb6=\x8ac\xf1o\xdc"\xaa}\xd1 \xb8^\xd37\xbap\xdea\xff?\x923\xb2m\xd1.\xf1%\x90a\xe3=\xcd'
INFO:root:Go
DEBUG:root:send: "\x81\xb6\xcd=@\x1f\xb6\x1f$~\xb9\\b%\xed\x1f'p\xef\x11`=\xb9D0z\xef\x07`=\xbdQ!f\xaf\\#t\x8c^4v\xa2Sb3\xed\x1f0~\xbf\\-=\xf7\x1db/\xef@"
INFO:root:Client:init
DEBUG:root:--- request header ---
DEBUG:root:GET / HTTP/1.1
Upgrade: websocket
Connection: Upgrade
Host: localhost
Origin: http://localhost
Sec-WebSocket-Key: yYF5GYcMSkyZ1izIW0U0XQ==
Sec-WebSocket-Version: 13


DEBUG:root:-----------------------
DEBUG:root:--- response header ---
DEBUG:root:HTTP/1.1 101 Switching Protocols
DEBUG:root:Upgrade: websocket
DEBUG:root:Connection: Upgrade
DEBUG:root:Sec-WebSocket-Accept: qln1IeYrhBI7Hw+EtxJd5PsZrWE=
DEBUG:root:-----------------------
INFO:root:Socket opened
ERROR:root:global name 'role' is not defined
INFO:root:Client:init
DEBUG:root:--- request header ---
DEBUG:root:GET / HTTP/1.1
Upgrade: websocket
Connection: Upgrade
Host: localhost
Origin: http://localhost
Sec-WebSocket-Key: lBXFjiBnSYOUyRuDfg7g1w==
Sec-WebSocket-Version: 13


DEBUG:root:-----------------------
DEBUG:root:--- response header ---
DEBUG:root:HTTP/1.1 101 Switching Protocols
DEBUG:root:Upgrade: websocket
DEBUG:root:Connection: Upgrade
DEBUG:root:Sec-WebSocket-Accept: bgaoo+ZtsYo/Ay7dE6Gsw6c1ixI=
DEBUG:root:-----------------------
INFO:root:Socket opened
DEBUG:root:send: '\x81\xbe\xd3\x1b\x9aT\xa89\xfe5\xa7z\xb8n\xf3`\xb8&\xbcw\xffv\xe9;\xb86\xa6o\xee;\xbd9\xb6t\xf1u\xfb9\xb69\xa0t\xf1U\xd4v\xae7\xbav\xa7b\xea1\xf1!\xbav\xa1~\xfd=\xa0o\xff&\xf1f'
INFO:root:registered at the game
